1 10 20
100 200 125
201 210 89
900 1000 174
7466 19943 279
1408 18477 279
1673 19993 279
7980 14300 276
8099 18538 279
5719 19688 279
9829 16852 276
3171 12769 268
491 10167 262
7078 19808 279
7166 11681 268
9367 15921 276
800 17592 276
2835 10066 262
5311 18042 279
3268 10529 262
8144 19863 279
153 10318 262
3 16868 276
7111 11816 268
3846 14675 276
8644 17189 276
9598 18269 279
3257 15245 276
2650 17111 276
9569 15199 276
5863 16463 276
418 14709 276
2859 10192 262
4365 18267 279
6586 13688 276
7580 19115 279
8414 14834 276
9041 19331 279
1189 15000 276
8222 17834 279
8160 16911 276
4661 17572 276
9431 17234 276
2788 14265 276
4683 19350 279
326 15111 276
1343 18973 279
4984 15478 276
716 13380 276
869 14306 276
812 14993 276
2214 18349 279
6056 10107 262
7344 16542 276
1199 16614 276
350 13479 276
9654 18291 279
4221 19638 279
5678 11311 268
5502 13181 268
6576 15127 276
9635 18914 279
1985 11072 268
321 18121 279
348 15531 276
8992 19063 279
5997 16417 276
2701 19881 279
6155 13624 276
5451 17149 276
364 19763 279
621 19574 279
1012 15721 276
8173 15589 276
3321 10158 262
5449 11342 268
6966 14749 276
8177 18806 279
6261 18418 279
5642 17612 276
7821 19739 279
8458 18650 279
8055 13769 276
3996 16287 276
7036 15114 276
5822 10270 262
3171 14938 276
4968 12465 268
9151 12176 268
5297 15087 276
511 16005 276
8698 19931 279
2018 10088 262
9486 14855 276
4239 16982 276
7014 13910 276
807 17207 276
6220 16760 276
6939 11583 268
4050 12138 268
7493 13345 276
9997 19382 279
1028 10835 262
922 11003 268
6259 16131 276
2940 13504 276
6861 14557 276
4711 10951 262
7187 14703 276
6834 16708 276
7132 10575 260
8118 12606 268
7990 18818 279
1186 15237 276
1388 10873 262
8823 14999 276
9055 19912 279
7033 17068 276
9230 15224 276
6233 12558 268
3620 17705 279
2858 11212 268
6630 13390 276
1439 14783 276
499 13079 268
1392 15763 276
2292 12686 268
4899 15881 276
1081 17005 276
142 12434 268
1258 18701 279
872 17693 279
5821 14756 276
7629 16101 276
5624 17750 279
9879 15449 276
1880 16280 276
5848 19057 279
3902 13720 276
3637 15900 276
6705 13658 276
1834 14209 276
9734 17939 279
72 13575 276
134 16245 276
5861 19082 279
8099 10926 260
8696 15257 276
2878 10691 262
1652 13351 276
9498 10404 242
5845 18090 279
7489 17796 279
5032 13686 276
6073 11933 268
5188 19510 279
7358 16348 276
7160 15321 276
8585 19963 279
6569 11261 268
696 18628 279
2949 16537 276
154 10420 262
8284 17968 279
7128 15146 276
8266 17024 276
272 11111 268
7129 12385 268
8275 15219 276
4231 15010 276
3050 15374 276
1244 17813 279
6042 10924 262
653 11516 268
6223 12106 268
5208 18636 279
9087 11010 268
2037 19311 279
7881 10696 260
9835 17711 279
3884 17192 276
2661 17347 276
5714 12487 268
8358 18856 279
5507 16452 276
8141 13309 276
7857 15907 276
8636 10091 260
1933 17619 276
5264 14029 276
2572 19171 279
521 13194 268
7482 11589 268
4317 19706 279
3986 19960 279
1798 15206 276
4294 11394 268
3277 10464 262
391 15643 276
8871 11330 268
9193 18679 279
2384 11325 268
5812 14045 276
8560 10110 260
4557 10306 262
9358 17297 276
7172 16256 276
6214 18518 279
8339 11644 268
1025 10511 262
5703 13269 276
6246 17779 279
7117 17570 276
9819 12814 268
9919 11480 268
2523 19100 279
5846 10671 262
9565 16201 276
7743 11247 268
3267 16527 276
7638 17476 276
7476 10079 260
3744 10973 268
3745 16798 276
8112 16124 276
3132 12262 268
7081 11854 268
8505 15292 276
132 14420 276
4974 10280 262
4764 19129 279
5772 16389 276
5487 13471 276
8540 12892 268
9424 13366 276
323 13671 276
4757 16089 276
2678 11822 268
67 18577 279
3107 18346 279
2903 10430 262
8160 19523 279
9236 19489 279
3752 12054 268
2919 15913 276
1310 19184 279
3210 18355 279
211 18080 279
9020 17341 276
9909 10934 255
6816 16211 276
5631 10011 262
2154 15720 276
932 16267 276
899 11747 268
5784 13763 276
1008 11929 268
7305 19509 279
5628 11284 268
1197 18387 279
639 17492 276
469 14380 276
8606 16403 276
6527 16780 276
537 11749 268
2692 17698 279
8032 13545 276
8001 14134 276
4178 12165 268
8997 16264 276
5310 12080 268
3173 11345 268
4336 11965 268
949 19225 279
1502 17052 276
6753 14817 276
1767 13722 276
8355 16248 276
6659 17755 279
3604 15905 276
8556 19134 279
3147 17292 276
5014 14767 276
9239 16606 276
265 12252 268
5830 13505 276
9335 14118 276
6834 14740 276
8093 11310 268
5568 11684 268
7345 10943 260
9676 12064 268
9971 11719 268
2646 19934 279
8903 14359 276
3542 10973 268
8641 10670 260
801 17165 276
1590 10809 262
1431 17162 276
8006 13075 268
2466 14197 276
9544 19996 279
5209 14283 276
5002 18510 279
3034 19589 279
2362 19675 279
6091 15501 276
9820 18242 279
9661 17107 276
595 12627 268
9704 19905 279
6941 12084 268
2187 15063 276
715 14658 276
6880 17792 279
5897 13555 276
3826 19798 279
7106 19111 279
4033 11523 268
284 14322 276
3622 18414 279
7879 11811 268
6739 16197 276
1672 12696 268
4694 11536 268
8151 13973 276
4644 13073 268
8520 14867 276
2181 11271 268
66 12223 268
9308 16272 276
8292 13020 268
7784 18014 279
1642 14510 276
2714 10070 262
9591 19814 279
5146 19839 279
8301 11534 268
2036 10405 262
922 14999 276
5632 17946 279
7543 10078 260
6685 18967 279
756 16003 276
6760 13922 276
2467 13617 276
9642 11240 268
3880 19472 279
2765 13610 276
5930 15352 276
9811 13013 268
1808 17311 276
5582 18505 279
8044 19054 279
1730 15726 276
1967 18543 279
7507 16032 276
7638 13943 276
8215 17420 276
1579 11605 268
1540 10604 262
8742 14449 276
2017 16808 276
2269 13058 268
9569 19259 279
7336 18049 279
662 15463 276
9474 14664 276
8509 17608 276
2667 15854 276
2380 19956 279
2937 10959 262
6014 15692 276
9720 18392 279
2329 14655 276
403 10835 262
3209 11894 268
8079 14869 276
442 12401 268
400 19749 279
7142 18532 279
4078 12088 268
2842 19336 279
5109 12974 268
8988 19706 279
8532 11990 268
1265 12810 268
5361 14948 276
5156 12191 268
6859 13461 276
417 19678 279
9664 12724 268
2442 13488 276
5816 15889 276
7829 19853 279
3005 15521 276
9230 13117 268
3804 17018 276
669 16830 276
6156 16882 276
8407 14586 276
5388 17879 279
8545 14378 276
1998 15323 276
8962 15435 276
9250 19299 279
3328 11770 268
1030 11511 268
7623 10211 260
5952 17539 276
9405 19920 279
1079 11670 268
9513 12228 268
3445 15596 276
7330 15434 276
9836 17576 276
9655 15164 276
6522 10773 260
4802 10455 262
1937 18885 279
8860 14035 276
9355 19974 279
3169 17451 276
3328 13575 276
6019 19978 279
4472 12719 268
4555 11377 268
1650 16019 276
7248 19976 279
983 12278 268
4132 15472 276
5549 16208 276
7655 18162 279
2275 17291 276
965 11018 268
9518 13315 276
3224 19984 279
5255 15453 276
9958 11703 268
189 15785 276
7625 13418 276
580 16638 276
5283 14512 276
3749 11872 268
1840 12371 268
9382 11407 268
3837 13494 276
4524 11388 268
1792 14978 276
1258 13035 268
8262 10804 260
1369 19005 279
5584 12621 268
8183 16127 276
9350 17450 276
9900 18419 279
5237 11635 268
6569 18748 279
3613 12327 268
3937 18877 279
8717 14315 276
2027 17389 276
3541 19822 279
8821 15038 276
9679 19257 279
5550 13461 276
3936 11020 268
2826 10426 262
3179 13711 276
3505 12211 268
441 17712 279
7788 14903 276
9629 13862 276
1087 18620 279
2465 17520 276
5966 14548 276
4385 15133 276
6376 18170 279
3815 10845 262
8408 12886 268
2545 11279 268
6520 19992 279
5694 16191 276
5303 13479 276
2604 10720 262
2157 17944 279
9225 16959 276
3421 18824 279
3320 11557 268
9966 11749 268
904 17143 276
1479 12453 268
3905 11784 268
2416 14209 276
9756 10783 255
7473 17328 276
1607 11577 268
5777 16328 276
3432 18247 279
3191 16820 276
5695 15852 276
1159 10088 262
22 11425 268
5695 18560 279
1941 16289 276
2747 12873 268
5747 18122 279
2855 15456 276
5287 17078 276
8905 10944 260
2812 13079 268
3757 15804 276
4227 16603 276
7641 13521 276
4237 14108 276
3900 18791 279
9501 13818 276
2118 18869 279
3836 15966 276
1757 12353 268
7278 10988 268
4427 14679 276
980 18528 279
9296 12910 268
3496 14948 276
1411 14863 276
5990 13768 276
8775 18549 279
4954 12836 268
1198 17546 276
3751 14011 276
9589 18049 279
2934 16385 276
6110 13149 268
156 14262 276
5496 17943 279
9776 14862 276
7547 10358 260
6008 13363 276
8224 19919 279
5332 19467 279
918 16107 276
6796 10968 260
1995 12594 268
3532 11112 268
4997 19284 279
7121 19258 279
5614 16124 276
3324 12105 268
9 18598 279
7521 13631 276
8787 19916 279
3831 19114 279
661 12365 268
9109 11973 268
7405 16263 276
3121 11364 268
1423 16520 276
6183 18864 279
6031 11386 268
324 18129 279
5676 11895 268
5584 15251 276
744 19690 279
4259 18757 279
4436 17591 276
1043 19463 279
5351 13527 276
5795 10931 262
2308 17729 279
5545 18625 279
6407 13828 276
8047 11175 268
5767 13711 276
3497 19397 279
9574 11839 268
7471 17245 276
9732 12397 268
5466 11635 268
899 13507 276
3372 14569 276
9140 10242 260
8927 12396 268
417 17695 279
1644 15013 276
3191 18819 279
4245 19073 279
1079 13832 276
666 14807 276
2127 18054 279
4196 19799 279
486 15354 276
7600 14492 276
2339 18338 279
3374 19706 279
7596 13520 276
184 16781 276
5840 14983 276
3208 14097 276
1478 16893 276
7266 13849 276
1366 13006 268
5210 19711 279
2429 19594 279
21 10581 262
1554 10846 262
4690 11662 268
315 18698 279
2912 18502 279
1314 13518 276
7306 12059 268
7356 14981 276
2160 15062 276
9173 13949 276
4440 16044 276
8557 12501 268
4002 12990 268
4901 18702 279
9991 18419 279
6115 18176 279
8710 19485 279
9462 16865 276
8638 16257 276
99 12991 268
6417 10218 260
9157 13702 276
7478 15847 276
5704 17239 276
1677 15462 276
5556 16422 276
1722 11121 268
7175 10256 260
7282 17243 276
1396 10962 262
5374 17562 276
8250 17087 276
8731 10260 260
4082 12127 268
9287 18419 279
5522 16000 276
4530 17329 276
7811 12994 268
9461 12805 268
5039 14218 276
7991 13717 276
3908 13246 268
6188 19957 279
8696 18963 279
8253 16601 276
9923 10304 242
2003 19775 279
4251 14732 276
5255 14339 276
9484 12915 268
7044 17834 279
1142 12148 268
4109 16055 276
86 16195 276
1237 13581 276
7640 19709 279
5560 14391 276
8039 10611 260
5648 19386 279
3987 13940 276
145 11987 268
6180 18559 279
5682 17224 276
4077 12351 268
7887 14757 276
5724 15099 276
6943 14538 276
8198 10924 260
5526 14374 276
7899 18623 279
3014 12363 268
6238 16376 276
7426 18737 279
6923 11128 268
3335 18033 279
6381 19587 279
9031 18004 279
4453 12171 268
7243 16372 276
6726 10320 260
5160 10084 262
5356 15545 276
9936 19327 279
2504 17446 276
3377 19477 279
9211 12620 268
3115 18046 279
8708 10321 260
3739 11279 268
8362 16151 276
1770 11004 268
6499 11930 268
3747 19824 279
3835 12703 268
1114 15490 276
5915 19315 279
9229 14260 276
3017 19045 279
8640 14007 276
2109 15064 276
5775 14769 276
6268 17633 276
3263 10109 262
8246 17369 276
2232 17787 279
6260 16245 276
2409 12501 268
1880 18459 279
1223 16450 276
3979 13235 268
311 17767 279
6284 13969 276
5865 14567 276
2475 10038 262
3798 16165 276
1071 15375 276
4337 12939 268
51 10921 262
2502 12920 268
4541 17497 276
2252 13253 268
8927 19016 279
3210 17613 276
7298 10734 260
8952 14588 276
7799 19306 279
2987 18092 279
7805 19985 279
1199 17334 276
3643 16420 276
8106 11743 268
8249 15956 276
4252 16264 276
146 15603 276
8781 11113 268
4975 13049 268
8308 17297 276
6667 12776 268
7907 14894 276
5180 18899 279
2932 11273 268
8567 15286 276
3144 18877 279
9928 14775 276
3752 19643 279
2407 19689 279
9114 14850 276
6703 10065 260
2601 18370 279
1259 11530 268
8479 10033 260
4578 14830 276
9961 11115 268
9598 10958 255
4891 11696 268
158 15337 276
9181 12354 268
8002 11325 268
555 13645 276
1216 18199 279
7539 11884 268
1278 11771 268
7718 16525 276
1121 15080 276
5209 10083 262
7218 10132 260
4749 17245 276
8643 15193 276
9479 10022 242
9833 15230 276
8931 18449 279
5998 14325 276
5653 12670 268
7439 16232 276
6414 10264 260
9905 19854 279
4940 11415 268
5330 16873 276
7632 10495 260
4470 11890 268
2556 19127 279
6608 19318 279
8814 12645 268
595 18093 279
2265 11307 268
6112 15078 276
162 15948 276
5457 18925 279
1722 14718 276
284 15899 276
7548 11610 268
5850 18136 279
7779 15046 276
7525 17902 279
6948 16811 276
7158 13434 276
7591 17965 279
7346 17139 276
8798 19373 279
3859 14811 276
4992 17469 276
5958 16308 276
4906 19970 279
9611 19612 279
2378 16557 276
1763 13284 276
582 12838 268
8029 18045 279
9487 15396 276
2331 16517 276
5426 18549 279
8416 18730 279
6341 16181 276
8170 17981 279
2849 16968 276
7908 18476 279
1791 19176 279
6466 16271 276
662 10209 262
7366 17501 276
7739 17180 276
9530 19608 279
4176 18206 279
609 19396 279
5603 12455 268
4287 11699 268
5369 12307 268
4853 13891 276
6074 15048 276
7749 13736 276
6615 11324 268
1812 13150 268
3588 19539 279
2029 17007 276
4937 13330 276
8503 13845 276
8627 17437 276
5707 11688 268
3541 17961 279
2219 13811 276
3530 14025 276
4824 12979 268
552 13399 276
5524 10618 262
6229 10645 260
7641 11758 268
735 13258 276
2639 10478 262
8340 18062 279
6180 15613 276
1455 12414 268
470 16175 276
1666 19563 279
9731 17059 276
6790 14812 276
5137 19141 279
7265 13120 268
8741 18166 279
7463 10218 260
8607 18080 279
289 12325 268
7809 13463 276
7431 16722 276
2329 17587 276
3623 10680 262
3829 14359 276
168 14704 276
9181 10935 260
8797 19547 279
2361 16724 276
104 16600 276
5054 16358 276
1260 17726 279
1210 17120 276
2427 11993 268
8867 10209 260
7853 10958 260
7313 12209 268
7925 14971 276
6632 17509 276
8351 12971 268
133 16779 276
5348 11140 268
7711 16212 276
3941 11616 268
2211 13112 268
8602 13733 276
4727 13496 276
9128 19611 279
5789 16683 276
7951 10881 260
4723 12882 268
6015 14134 276
9502 19197 279
5914 15549 276
1205 11068 268
6493 19911 279
4463 19983 279
8950 16395 276
9729 14771 276
1202 13535 276
9543 12516 268
5248 11811 268
7170 17758 279
8291 11762 268
3457 11993 268
8164 19077 279
4672 12425 268
3674 19068 279
2800 18652 279
8068 16864 276
8732 14849 276
4033 14038 276
7376 11007 268
5011 19704 279
3252 14359 276
4746 18588 279
545 17596 276
4509 13045 268
3495 12492 268
1529 17281 276
8651 12852 268
7917 15652 276
2864 12533 268
4804 16062 276
7535 13977 276
2841 19791 279
9109 16741 276
5257 15479 276
3071 15014 276
8444 12370 268
621 11073 268
2576 14495 276
3785 10167 262
9055 18950 279
2180 12201 268
9031 10574 260
4339 14071 276
4965 15742 276
1369 15665 276
7394 13973 276
886 16484 276
5380 14778 276
2563 12526 268
5205 15377 276
9382 14439 276
5395 16062 276
6145 17356 276
7990 13724 276
6052 11401 268
9392 11848 268
3325 18765 279
593 10742 262
7264 19787 279
7041 14110 276
1118 18617 279
6592 14309 276
5153 17945 279
9009 11874 268
6283 14907 276
5868 12468 268
9608 10685 255
5845 18881 279
6015 10570 262
2846 10468 262
5020 19993 279
89 11639 268
2778 14646 276
5084 17463 276
853 13226 268
9593 17317 276
9698 10935 255
7010 14219 276
1580 12911 268
7675 11767 268
9444 16956 276
3404 17431 276
6156 13849 276
109 17773 279
389 13548 276
7360 13012 268
8491 14864 276
4172 19533 279
9268 13948 276
6717 10231 260
9827 12851 268
2738 17106 276
3169 11470 268
1216 16237 276
5755 12201 268
5501 11272 268
3719 16629 276
3107 18650 279
4898 10456 262
7747 17016 276
3073 17983 279
3900 11783 268
3657 18415 279
1052 16472 276
5078 11239 268
2437 15121 276
1619 10580 262
4247 16864 276
4768 12258 268
9785 18900 279
4145 16381 276
7236 10284 260
5113 16565 276
9189 10720 260
